<?xml version="1.0" encoding="UTF-8"?>
<!-- Generated by org.testng.reporters.JUnitReportReporter -->
<testsuite hostname="DESKTOP-1BVA85T" failures="0" tests="1" name="com.Shopping.Testcases.LoginPageTest" time="28.243" errors="0" timestamp="2023-03-06T14:05:13 IST" skipped="0">
  <testcase classname="com.Shopping.Testcases.LoginPageTest" name="VerifyValidLogin" time="28.243"/>
  <system-out/>
</testsuite> <!-- com.Shopping.Testcases.LoginPageTest -->
